<?xml version="1.0" encoding="UTF-8"?>
<testng-results ignored="0" total="12" passed="12" failed="0" skipped="0">
  <reporter-output>
  </reporter-output>
  <suite started-at="2026-06-11T17:00:48 IST" name="Default suite" finished-at="2026-06-11T17:01:54 IST" duration-ms="65372">
    <groups>
      <group name="negative">
        <method signature="ParaBankTest.invalidLoginTest(java.lang.String,java.lang.String)[pri:2, instance:test.ParaBankTest@201b6b6f]" name="invalidLoginTest" class="test.ParaBankTest"/>
      </group> <!-- negative -->
      <group name="account-services">
        <method signature="ParaBankTest.findTransactionTest(java.lang.String,java.lang.String,java.lang.String,java.lang.String,java.lang.String,java.lang.String,java.lang.String,java.lang.String,java.lang.String,java.lang.String,java.lang.String)[pri:7, instance:test.ParaBankTest@201b6b6f]" name="findTransactionTest" class="test.ParaBankTest"/>
        <method signature="ParaBankTest.updateContactInfoTest(java.lang.String,java.lang.String,java.lang.String,java.lang.String,java.lang.String,java.lang.String,java.lang.String,java.lang.String,java.lang.String,java.lang.String,java.lang.String,java.lang.String,java.lang.String,java.lang.String,java.lang.String,java.lang.String,java.lang.String)[pri:8, instance:test.ParaBankTest@201b6b6f]" name="updateContactInfoTest" class="test.ParaBankTest"/>
        <method signature="ParaBankTest.requestLoanTest(java.lang.String,java.lang.String,java.lang.String,java.lang.String,java.lang.String,java.lang.String,java.lang.String,java.lang.String,java.lang.String,java.lang.String,java.lang.String,java.lang.String)[pri:9, instance:test.ParaBankTest@201b6b6f]" name="requestLoanTest" class="test.ParaBankTest"/>
      </group> <!-- account-services -->
      <group name="regression">
        <method signature="ParaBankTest.openNewSavingsAccountTest(java.lang.String,java.lang.String,java.lang.String,java.lang.String,java.lang.String,java.lang.String,java.lang.String,java.lang.String,java.lang.String,java.lang.String)[pri:4, instance:test.ParaBankTest@201b6b6f]" name="openNewSavingsAccountTest" class="test.ParaBankTest"/>
        <method signature="ParaBankTest.transferFundsTest(java.lang.String,java.lang.String,java.lang.String,java.lang.String,java.lang.String,java.lang.String,java.lang.String,java.lang.String,java.lang.String,java.lang.String,java.lang.String)[pri:5, instance:test.ParaBankTest@201b6b6f]" name="transferFundsTest" class="test.ParaBankTest"/>
        <method signature="ParaBankTest.billPaymentTest(java.lang.String,java.lang.String,java.lang.String,java.lang.String,java.lang.String,java.lang.String,java.lang.String,java.lang.String,java.lang.String,java.lang.String,java.lang.String,java.lang.String)[pri:6, instance:test.ParaBankTest@201b6b6f]" name="billPaymentTest" class="test.ParaBankTest"/>
        <method signature="ParaBankTest.findTransactionTest(java.lang.String,java.lang.String,java.lang.String,java.lang.String,java.lang.String,java.lang.String,java.lang.String,java.lang.String,java.lang.String,java.lang.String,java.lang.String)[pri:7, instance:test.ParaBankTest@201b6b6f]" name="findTransactionTest" class="test.ParaBankTest"/>
        <method signature="ParaBankTest.updateContactInfoTest(java.lang.String,java.lang.String,java.lang.String,java.lang.String,java.lang.String,java.lang.String,java.lang.String,java.lang.String,java.lang.String,java.lang.String,java.lang.String,java.lang.String,java.lang.String,java.lang.String,java.lang.String,java.lang.String,java.lang.String)[pri:8, instance:test.ParaBankTest@201b6b6f]" name="updateContactInfoTest" class="test.ParaBankTest"/>
        <method signature="ParaBankTest.requestLoanTest(java.lang.String,java.lang.String,java.lang.String,java.lang.String,java.lang.String,java.lang.String,java.lang.String,java.lang.String,java.lang.String,java.lang.String,java.lang.String,java.lang.String)[pri:9, instance:test.ParaBankTest@201b6b6f]" name="requestLoanTest" class="test.ParaBankTest"/>
      </group> <!-- regression -->
      <group name="smoke">
        <method signature="ParaBankTest.registerNewCustomer(java.lang.String,java.lang.String,java.lang.String,java.lang.String,java.lang.String,java.lang.String,java.lang.String,java.lang.String,java.lang.String,java.lang.String)[pri:1, instance:test.ParaBankTest@201b6b6f]" name="registerNewCustomer" class="test.ParaBankTest"/>
        <method signature="ParaBankTest.validLoginTest(java.lang.String,java.lang.String,java.lang.String,java.lang.String,java.lang.String,java.lang.String,java.lang.String,java.lang.String,java.lang.String,java.lang.String)[pri:3, instance:test.ParaBankTest@201b6b6f]" name="validLoginTest" class="test.ParaBankTest"/>
        <method signature="ParaBankTest.logoutTest(java.lang.String,java.lang.String,java.lang.String,java.lang.String,java.lang.String,java.lang.String,java.lang.String,java.lang.String,java.lang.String,java.lang.String)[pri:10, instance:test.ParaBankTest@201b6b6f]" name="logoutTest" class="test.ParaBankTest"/>
      </group> <!-- smoke -->
      <group name="registration">
        <method signature="ParaBankTest.registerNewCustomer(java.lang.String,java.lang.String,java.lang.String,java.lang.String,java.lang.String,java.lang.String,java.lang.String,java.lang.String,java.lang.String,java.lang.String)[pri:1, instance:test.ParaBankTest@201b6b6f]" name="registerNewCustomer" class="test.ParaBankTest"/>
      </group> <!-- registration -->
      <group name="login">
        <method signature="ParaBankTest.validLoginTest(java.lang.String,java.lang.String,java.lang.String,java.lang.String,java.lang.String,java.lang.String,java.lang.String,java.lang.String,java.lang.String,java.lang.String)[pri:3, instance:test.ParaBankTest@201b6b6f]" name="validLoginTest" class="test.ParaBankTest"/>
      </group> <!-- login -->
    </groups>
    <test started-at="2026-06-11T17:00:48 IST" name="Default test" finished-at="2026-06-11T17:01:54 IST" duration-ms="65372">
      <class name="test.ParaBankTest">
        <test-method is-config="true" signature="setUp(java.lang.String)[pri:0, instance:test.ParaBankTest@201b6b6f]" started-at="2026-06-11T17:00:48 IST" name="setUp" finished-at="2026-06-11T17:00:54 IST" duration-ms="5430" status="PASS">
          <params>
            <param index="0">
              <value>
                <![CDATA[]]>
              </value>
            </param>
          </params>
          <reporter-output>
          </reporter-output>
        </test-method> <!-- setUp -->
        <test-method signature="registerNewCustomer(java.lang.String,java.lang.String,java.lang.String,java.lang.String,java.lang.String,java.lang.String,java.lang.String,java.lang.String,java.lang.String,java.lang.String)[pri:1, instance:test.ParaBankTest@201b6b6f]" started-at="2026-06-11T17:00:54 IST" name="registerNewCustomer" data-provider="registrationData" finished-at="2026-06-11T17:00:56 IST" duration-ms="1766" status="PASS">
          <params>
            <param index="0">
              <value>
                <![CDATA[Pankaj]]>
              </value>
            </param>
            <param index="1">
              <value>
                <![CDATA[Vishwakarma]]>
              </value>
            </param>
            <param index="2">
              <value>
                <![CDATA[Street 1]]>
              </value>
            </param>
            <param index="3">
              <value>
                <![CDATA[Lucknow]]>
              </value>
            </param>
            <param index="4">
              <value>
                <![CDATA[UP]]>
              </value>
            </param>
            <param index="5">
              <value>
                <![CDATA[226001]]>
              </value>
            </param>
            <param index="6">
              <value>
                <![CDATA[9999999999]]>
              </value>
            </param>
            <param index="7">
              <value>
                <![CDATA[123456789]]>
              </value>
            </param>
            <param index="8">
              <value>
                <![CDATA[testuser]]>
              </value>
            </param>
            <param index="9">
              <value>
                <![CDATA[Test@123]]>
              </value>
            </param>
          </params>
          <reporter-output>
          </reporter-output>
        </test-method> <!-- registerNewCustomer -->
        <test-method is-config="true" signature="tearDown()[pri:0, instance:test.ParaBankTest@201b6b6f]" started-at="2026-06-11T17:00:56 IST" name="tearDown" finished-at="2026-06-11T17:00:56 IST" duration-ms="97" status="PASS">
          <reporter-output>
          </reporter-output>
        </test-method> <!-- tearDown -->
        <test-method is-config="true" signature="setUp(java.lang.String)[pri:0, instance:test.ParaBankTest@201b6b6f]" started-at="2026-06-11T17:00:56 IST" name="setUp" finished-at="2026-06-11T17:00:57 IST" duration-ms="1670" status="PASS">
          <params>
            <param index="0">
              <value>
                <![CDATA[]]>
              </value>
            </param>
          </params>
          <reporter-output>
          </reporter-output>
        </test-method> <!-- setUp -->
        <test-method signature="invalidLoginTest(java.lang.String,java.lang.String)[pri:2, instance:test.ParaBankTest@201b6b6f]" started-at="2026-06-11T17:00:57 IST" name="invalidLoginTest" data-provider="invalidLoginData" finished-at="2026-06-11T17:01:00 IST" duration-ms="2022" status="PASS">
          <params>
            <param index="0">
              <value>
                <![CDATA[wrong_User]]>
              </value>
            </param>
            <param index="1">
              <value>
                <![CDATA[wrong_Pass]]>
              </value>
            </param>
          </params>
          <reporter-output>
          </reporter-output>
        </test-method> <!-- invalidLoginTest -->
        <test-method is-config="true" signature="tearDown()[pri:0, instance:test.ParaBankTest@201b6b6f]" started-at="2026-06-11T17:01:00 IST" name="tearDown" finished-at="2026-06-11T17:01:00 IST" duration-ms="88" status="PASS">
          <reporter-output>
          </reporter-output>
        </test-method> <!-- tearDown -->
        <test-method is-config="true" signature="setUp(java.lang.String)[pri:0, instance:test.ParaBankTest@201b6b6f]" started-at="2026-06-11T17:01:00 IST" name="setUp" finished-at="2026-06-11T17:01:02 IST" duration-ms="2584" status="PASS">
          <params>
            <param index="0">
              <value>
                <![CDATA[]]>
              </value>
            </param>
          </params>
          <reporter-output>
          </reporter-output>
        </test-method> <!-- setUp -->
        <test-method signature="invalidLoginTest(java.lang.String,java.lang.String)[pri:2, instance:test.ParaBankTest@201b6b6f]" started-at="2026-06-11T17:01:02 IST" name="invalidLoginTest" data-provider="invalidLoginData" finished-at="2026-06-11T17:01:03 IST" duration-ms="915" status="PASS">
          <params>
            <param index="0">
              <value>
                <![CDATA[]]>
              </value>
            </param>
            <param index="1">
              <value>
                <![CDATA[wrong_Pass]]>
              </value>
            </param>
          </params>
          <reporter-output>
          </reporter-output>
        </test-method> <!-- invalidLoginTest -->
        <test-method is-config="true" signature="tearDown()[pri:0, instance:test.ParaBankTest@201b6b6f]" started-at="2026-06-11T17:01:03 IST" name="tearDown" finished-at="2026-06-11T17:01:03 IST" duration-ms="89" status="PASS">
          <reporter-output>
          </reporter-output>
        </test-method> <!-- tearDown -->
        <test-method is-config="true" signature="setUp(java.lang.String)[pri:0, instance:test.ParaBankTest@201b6b6f]" started-at="2026-06-11T17:01:03 IST" name="setUp" finished-at="2026-06-11T17:01:04 IST" duration-ms="1215" status="PASS">
          <params>
            <param index="0">
              <value>
                <![CDATA[]]>
              </value>
            </param>
          </params>
          <reporter-output>
          </reporter-output>
        </test-method> <!-- setUp -->
        <test-method signature="invalidLoginTest(java.lang.String,java.lang.String)[pri:2, instance:test.ParaBankTest@201b6b6f]" started-at="2026-06-11T17:01:04 IST" name="invalidLoginTest" data-provider="invalidLoginData" finished-at="2026-06-11T17:01:07 IST" duration-ms="2871" status="PASS">
          <params>
            <param index="0">
              <value>
                <![CDATA[wrongUser_]]>
              </value>
            </param>
            <param index="1">
              <value>
                <![CDATA[wrong_Pass]]>
              </value>
            </param>
          </params>
          <reporter-output>
          </reporter-output>
        </test-method> <!-- invalidLoginTest -->
        <test-method is-config="true" signature="tearDown()[pri:0, instance:test.ParaBankTest@201b6b6f]" started-at="2026-06-11T17:01:07 IST" name="tearDown" finished-at="2026-06-11T17:01:07 IST" duration-ms="88" status="PASS">
          <reporter-output>
          </reporter-output>
        </test-method> <!-- tearDown -->
        <test-method is-config="true" signature="setUp(java.lang.String)[pri:0, instance:test.ParaBankTest@201b6b6f]" started-at="2026-06-11T17:01:07 IST" name="setUp" finished-at="2026-06-11T17:01:11 IST" duration-ms="3146" status="PASS">
          <params>
            <param index="0">
              <value>
                <![CDATA[]]>
              </value>
            </param>
          </params>
          <reporter-output>
          </reporter-output>
        </test-method> <!-- setUp -->
        <test-method signature="validLoginTest(java.lang.String,java.lang.String,java.lang.String,java.lang.String,java.lang.String,java.lang.String,java.lang.String,java.lang.String,java.lang.String,java.lang.String)[pri:3, instance:test.ParaBankTest@201b6b6f]" started-at="2026-06-11T17:01:11 IST" name="validLoginTest" data-provider="registrationData" finished-at="2026-06-11T17:01:12 IST" duration-ms="1785" status="PASS">
          <params>
            <param index="0">
              <value>
                <![CDATA[Pankaj]]>
              </value>
            </param>
            <param index="1">
              <value>
                <![CDATA[Vishwakarma]]>
              </value>
            </param>
            <param index="2">
              <value>
                <![CDATA[Street 1]]>
              </value>
            </param>
            <param index="3">
              <value>
                <![CDATA[Lucknow]]>
              </value>
            </param>
            <param index="4">
              <value>
                <![CDATA[UP]]>
              </value>
            </param>
            <param index="5">
              <value>
                <![CDATA[226001]]>
              </value>
            </param>
            <param index="6">
              <value>
                <![CDATA[9999999999]]>
              </value>
            </param>
            <param index="7">
              <value>
                <![CDATA[123456789]]>
              </value>
            </param>
            <param index="8">
              <value>
                <![CDATA[testuser]]>
              </value>
            </param>
            <param index="9">
              <value>
                <![CDATA[Test@123]]>
              </value>
            </param>
          </params>
          <reporter-output>
          </reporter-output>
        </test-method> <!-- validLoginTest -->
        <test-method is-config="true" signature="tearDown()[pri:0, instance:test.ParaBankTest@201b6b6f]" started-at="2026-06-11T17:01:12 IST" name="tearDown" finished-at="2026-06-11T17:01:12 IST" duration-ms="90" status="PASS">
          <reporter-output>
          </reporter-output>
        </test-method> <!-- tearDown -->
        <test-method is-config="true" signature="setUp(java.lang.String)[pri:0, instance:test.ParaBankTest@201b6b6f]" started-at="2026-06-11T17:01:12 IST" name="setUp" finished-at="2026-06-11T17:01:14 IST" duration-ms="1933" status="PASS">
          <params>
            <param index="0">
              <value>
                <![CDATA[]]>
              </value>
            </param>
          </params>
          <reporter-output>
          </reporter-output>
        </test-method> <!-- setUp -->
        <test-method signature="openNewSavingsAccountTest(java.lang.String,java.lang.String,java.lang.String,java.lang.String,java.lang.String,java.lang.String,java.lang.String,java.lang.String,java.lang.String,java.lang.String)[pri:4, instance:test.ParaBankTest@201b6b6f]" started-at="2026-06-11T17:01:14 IST" name="openNewSavingsAccountTest" data-provider="registrationData" finished-at="2026-06-11T17:01:18 IST" duration-ms="4151" status="PASS">
          <params>
            <param index="0">
              <value>
                <![CDATA[Pankaj]]>
              </value>
            </param>
            <param index="1">
              <value>
                <![CDATA[Vishwakarma]]>
              </value>
            </param>
            <param index="2">
              <value>
                <![CDATA[Street 1]]>
              </value>
            </param>
            <param index="3">
              <value>
                <![CDATA[Lucknow]]>
              </value>
            </param>
            <param index="4">
              <value>
                <![CDATA[UP]]>
              </value>
            </param>
            <param index="5">
              <value>
                <![CDATA[226001]]>
              </value>
            </param>
            <param index="6">
              <value>
                <![CDATA[9999999999]]>
              </value>
            </param>
            <param index="7">
              <value>
                <![CDATA[123456789]]>
              </value>
            </param>
            <param index="8">
              <value>
                <![CDATA[testuser]]>
              </value>
            </param>
            <param index="9">
              <value>
                <![CDATA[Test@123]]>
              </value>
            </param>
          </params>
          <reporter-output>
          </reporter-output>
        </test-method> <!-- openNewSavingsAccountTest -->
        <test-method is-config="true" signature="tearDown()[pri:0, instance:test.ParaBankTest@201b6b6f]" started-at="2026-06-11T17:01:19 IST" name="tearDown" finished-at="2026-06-11T17:01:19 IST" duration-ms="86" status="PASS">
          <reporter-output>
          </reporter-output>
        </test-method> <!-- tearDown -->
        <test-method is-config="true" signature="setUp(java.lang.String)[pri:0, instance:test.ParaBankTest@201b6b6f]" started-at="2026-06-11T17:01:19 IST" name="setUp" finished-at="2026-06-11T17:01:20 IST" duration-ms="1465" status="PASS">
          <params>
            <param index="0">
              <value>
                <![CDATA[]]>
              </value>
            </param>
          </params>
          <reporter-output>
          </reporter-output>
        </test-method> <!-- setUp -->
        <test-method signature="transferFundsTest(java.lang.String,java.lang.String,java.lang.String,java.lang.String,java.lang.String,java.lang.String,java.lang.String,java.lang.String,java.lang.String,java.lang.String,java.lang.String)[pri:5, instance:test.ParaBankTest@201b6b6f]" started-at="2026-06-11T17:01:20 IST" name="transferFundsTest" data-provider="transferFundsData" finished-at="2026-06-11T17:01:25 IST" duration-ms="4770" status="PASS">
          <params>
            <param index="0">
              <value>
                <![CDATA[Pankaj]]>
              </value>
            </param>
            <param index="1">
              <value>
                <![CDATA[Vishwakarma]]>
              </value>
            </param>
            <param index="2">
              <value>
                <![CDATA[Street 1]]>
              </value>
            </param>
            <param index="3">
              <value>
                <![CDATA[Lucknow]]>
              </value>
            </param>
            <param index="4">
              <value>
                <![CDATA[UP]]>
              </value>
            </param>
            <param index="5">
              <value>
                <![CDATA[226001]]>
              </value>
            </param>
            <param index="6">
              <value>
                <![CDATA[9999999999]]>
              </value>
            </param>
            <param index="7">
              <value>
                <![CDATA[123456789]]>
              </value>
            </param>
            <param index="8">
              <value>
                <![CDATA[testuser]]>
              </value>
            </param>
            <param index="9">
              <value>
                <![CDATA[Test@123]]>
              </value>
            </param>
            <param index="10">
              <value>
                <![CDATA[10]]>
              </value>
            </param>
          </params>
          <reporter-output>
          </reporter-output>
        </test-method> <!-- transferFundsTest -->
        <test-method is-config="true" signature="tearDown()[pri:0, instance:test.ParaBankTest@201b6b6f]" started-at="2026-06-11T17:01:25 IST" name="tearDown" finished-at="2026-06-11T17:01:25 IST" duration-ms="87" status="PASS">
          <reporter-output>
          </reporter-output>
        </test-method> <!-- tearDown -->
        <test-method is-config="true" signature="setUp(java.lang.String)[pri:0, instance:test.ParaBankTest@201b6b6f]" started-at="2026-06-11T17:01:25 IST" name="setUp" finished-at="2026-06-11T17:01:28 IST" duration-ms="3287" status="PASS">
          <params>
            <param index="0">
              <value>
                <![CDATA[]]>
              </value>
            </param>
          </params>
          <reporter-output>
          </reporter-output>
        </test-method> <!-- setUp -->
        <test-method signature="billPaymentTest(java.lang.String,java.lang.String,java.lang.String,java.lang.String,java.lang.String,java.lang.String,java.lang.String,java.lang.String,java.lang.String,java.lang.String,java.lang.String,java.lang.String)[pri:6, instance:test.ParaBankTest@201b6b6f]" started-at="2026-06-11T17:01:28 IST" name="billPaymentTest" data-provider="billPayData" finished-at="2026-06-11T17:01:32 IST" duration-ms="3346" status="PASS">
          <params>
            <param index="0">
              <value>
                <![CDATA[Pankaj]]>
              </value>
            </param>
            <param index="1">
              <value>
                <![CDATA[Vishwakarma]]>
              </value>
            </param>
            <param index="2">
              <value>
                <![CDATA[Street 1]]>
              </value>
            </param>
            <param index="3">
              <value>
                <![CDATA[Lucknow]]>
              </value>
            </param>
            <param index="4">
              <value>
                <![CDATA[UP]]>
              </value>
            </param>
            <param index="5">
              <value>
                <![CDATA[226001]]>
              </value>
            </param>
            <param index="6">
              <value>
                <![CDATA[9999999999]]>
              </value>
            </param>
            <param index="7">
              <value>
                <![CDATA[123456789]]>
              </value>
            </param>
            <param index="8">
              <value>
                <![CDATA[testuser]]>
              </value>
            </param>
            <param index="9">
              <value>
                <![CDATA[Test@123]]>
              </value>
            </param>
            <param index="10">
              <value>
                <![CDATA[12345]]>
              </value>
            </param>
            <param index="11">
              <value>
                <![CDATA[5]]>
              </value>
            </param>
          </params>
          <reporter-output>
          </reporter-output>
        </test-method> <!-- billPaymentTest -->
        <test-method is-config="true" signature="tearDown()[pri:0, instance:test.ParaBankTest@201b6b6f]" started-at="2026-06-11T17:01:32 IST" name="tearDown" finished-at="2026-06-11T17:01:32 IST" duration-ms="89" status="PASS">
          <reporter-output>
          </reporter-output>
        </test-method> <!-- tearDown -->
        <test-method is-config="true" signature="setUp(java.lang.String)[pri:0, instance:test.ParaBankTest@201b6b6f]" started-at="2026-06-11T17:01:32 IST" name="setUp" finished-at="2026-06-11T17:01:33 IST" duration-ms="1452" status="PASS">
          <params>
            <param index="0">
              <value>
                <![CDATA[]]>
              </value>
            </param>
          </params>
          <reporter-output>
          </reporter-output>
        </test-method> <!-- setUp -->
        <test-method signature="findTransactionTest(java.lang.String,java.lang.String,java.lang.String,java.lang.String,java.lang.String,java.lang.String,java.lang.String,java.lang.String,java.lang.String,java.lang.String,java.lang.String)[pri:7, instance:test.ParaBankTest@201b6b6f]" started-at="2026-06-11T17:01:33 IST" name="findTransactionTest" data-provider="findTransactionData" finished-at="2026-06-11T17:01:38 IST" duration-ms="4522" status="PASS">
          <params>
            <param index="0">
              <value>
                <![CDATA[Pankaj]]>
              </value>
            </param>
            <param index="1">
              <value>
                <![CDATA[Vishwakarma]]>
              </value>
            </param>
            <param index="2">
              <value>
                <![CDATA[Street 1]]>
              </value>
            </param>
            <param index="3">
              <value>
                <![CDATA[Lucknow]]>
              </value>
            </param>
            <param index="4">
              <value>
                <![CDATA[UP]]>
              </value>
            </param>
            <param index="5">
              <value>
                <![CDATA[226001]]>
              </value>
            </param>
            <param index="6">
              <value>
                <![CDATA[9999999999]]>
              </value>
            </param>
            <param index="7">
              <value>
                <![CDATA[123456789]]>
              </value>
            </param>
            <param index="8">
              <value>
                <![CDATA[testuser]]>
              </value>
            </param>
            <param index="9">
              <value>
                <![CDATA[Test@123]]>
              </value>
            </param>
            <param index="10">
              <value>
                <![CDATA[10]]>
              </value>
            </param>
          </params>
          <reporter-output>
          </reporter-output>
        </test-method> <!-- findTransactionTest -->
        <test-method is-config="true" signature="tearDown()[pri:0, instance:test.ParaBankTest@201b6b6f]" started-at="2026-06-11T17:01:38 IST" name="tearDown" finished-at="2026-06-11T17:01:38 IST" duration-ms="89" status="PASS">
          <reporter-output>
          </reporter-output>
        </test-method> <!-- tearDown -->
        <test-method is-config="true" signature="setUp(java.lang.String)[pri:0, instance:test.ParaBankTest@201b6b6f]" started-at="2026-06-11T17:01:38 IST" name="setUp" finished-at="2026-06-11T17:01:39 IST" duration-ms="1628" status="PASS">
          <params>
            <param index="0">
              <value>
                <![CDATA[]]>
              </value>
            </param>
          </params>
          <reporter-output>
          </reporter-output>
        </test-method> <!-- setUp -->
        <test-method signature="updateContactInfoTest(java.lang.String,java.lang.String,java.lang.String,java.lang.String,java.lang.String,java.lang.String,java.lang.String,java.lang.String,java.lang.String,java.lang.String,java.lang.String,java.lang.String,java.lang.String,java.lang.String,java.lang.String,java.lang.String,java.lang.String)[pri:8, instance:test.ParaBankTest@201b6b6f]" started-at="2026-06-11T17:01:39 IST" name="updateContactInfoTest" data-provider="updateContactData" finished-at="2026-06-11T17:01:44 IST" duration-ms="4183" status="PASS">
          <params>
            <param index="0">
              <value>
                <![CDATA[Pankaj]]>
              </value>
            </param>
            <param index="1">
              <value>
                <![CDATA[Vishwakarma]]>
              </value>
            </param>
            <param index="2">
              <value>
                <![CDATA[Street 1]]>
              </value>
            </param>
            <param index="3">
              <value>
                <![CDATA[Lucknow]]>
              </value>
            </param>
            <param index="4">
              <value>
                <![CDATA[UP]]>
              </value>
            </param>
            <param index="5">
              <value>
                <![CDATA[226001]]>
              </value>
            </param>
            <param index="6">
              <value>
                <![CDATA[9999999999]]>
              </value>
            </param>
            <param index="7">
              <value>
                <![CDATA[123456789]]>
              </value>
            </param>
            <param index="8">
              <value>
                <![CDATA[testuser]]>
              </value>
            </param>
            <param index="9">
              <value>
                <![CDATA[Test@123]]>
              </value>
            </param>
            <param index="10">
              <value>
                <![CDATA[Pankaj]]>
              </value>
            </param>
            <param index="11">
              <value>
                <![CDATA[Vishwakarma]]>
              </value>
            </param>
            <param index="12">
              <value>
                <![CDATA[Updated Street 2]]>
              </value>
            </param>
            <param index="13">
              <value>
                <![CDATA[Lucknow]]>
              </value>
            </param>
            <param index="14">
              <value>
                <![CDATA[UP]]>
              </value>
            </param>
            <param index="15">
              <value>
                <![CDATA[226002]]>
              </value>
            </param>
            <param index="16">
              <value>
                <![CDATA[8888888888]]>
              </value>
            </param>
          </params>
          <reporter-output>
          </reporter-output>
        </test-method> <!-- updateContactInfoTest -->
        <test-method is-config="true" signature="tearDown()[pri:0, instance:test.ParaBankTest@201b6b6f]" started-at="2026-06-11T17:01:44 IST" name="tearDown" finished-at="2026-06-11T17:01:44 IST" duration-ms="88" status="PASS">
          <reporter-output>
          </reporter-output>
        </test-method> <!-- tearDown -->
        <test-method is-config="true" signature="setUp(java.lang.String)[pri:0, instance:test.ParaBankTest@201b6b6f]" started-at="2026-06-11T17:01:44 IST" name="setUp" finished-at="2026-06-11T17:01:47 IST" duration-ms="2996" status="PASS">
          <params>
            <param index="0">
              <value>
                <![CDATA[]]>
              </value>
            </param>
          </params>
          <reporter-output>
          </reporter-output>
        </test-method> <!-- setUp -->
        <test-method signature="requestLoanTest(java.lang.String,java.lang.String,java.lang.String,java.lang.String,java.lang.String,java.lang.String,java.lang.String,java.lang.String,java.lang.String,java.lang.String,java.lang.String,java.lang.String)[pri:9, instance:test.ParaBankTest@201b6b6f]" started-at="2026-06-11T17:01:47 IST" name="requestLoanTest" data-provider="loanData" finished-at="2026-06-11T17:01:49 IST" duration-ms="2210" status="PASS">
          <params>
            <param index="0">
              <value>
                <![CDATA[Pankaj]]>
              </value>
            </param>
            <param index="1">
              <value>
                <![CDATA[Vishwakarma]]>
              </value>
            </param>
            <param index="2">
              <value>
                <![CDATA[Street 1]]>
              </value>
            </param>
            <param index="3">
              <value>
                <![CDATA[Lucknow]]>
              </value>
            </param>
            <param index="4">
              <value>
                <![CDATA[UP]]>
              </value>
            </param>
            <param index="5">
              <value>
                <![CDATA[226001]]>
              </value>
            </param>
            <param index="6">
              <value>
                <![CDATA[9999999999]]>
              </value>
            </param>
            <param index="7">
              <value>
                <![CDATA[123456789]]>
              </value>
            </param>
            <param index="8">
              <value>
                <![CDATA[testuser]]>
              </value>
            </param>
            <param index="9">
              <value>
                <![CDATA[Test@123]]>
              </value>
            </param>
            <param index="10">
              <value>
                <![CDATA[100]]>
              </value>
            </param>
            <param index="11">
              <value>
                <![CDATA[10]]>
              </value>
            </param>
          </params>
          <reporter-output>
          </reporter-output>
        </test-method> <!-- requestLoanTest -->
        <test-method is-config="true" signature="tearDown()[pri:0, instance:test.ParaBankTest@201b6b6f]" started-at="2026-06-11T17:01:49 IST" name="tearDown" finished-at="2026-06-11T17:01:49 IST" duration-ms="85" status="PASS">
          <reporter-output>
          </reporter-output>
        </test-method> <!-- tearDown -->
        <test-method is-config="true" signature="setUp(java.lang.String)[pri:0, instance:test.ParaBankTest@201b6b6f]" started-at="2026-06-11T17:01:49 IST" name="setUp" finished-at="2026-06-11T17:01:50 IST" duration-ms="1441" status="PASS">
          <params>
            <param index="0">
              <value>
                <![CDATA[]]>
              </value>
            </param>
          </params>
          <reporter-output>
          </reporter-output>
        </test-method> <!-- setUp -->
        <test-method signature="logoutTest(java.lang.String,java.lang.String,java.lang.String,java.lang.String,java.lang.String,java.lang.String,java.lang.String,java.lang.String,java.lang.String,java.lang.String)[pri:10, instance:test.ParaBankTest@201b6b6f]" started-at="2026-06-11T17:01:50 IST" name="logoutTest" data-provider="registrationData" finished-at="2026-06-11T17:01:54 IST" duration-ms="3346" status="PASS">
          <params>
            <param index="0">
              <value>
                <![CDATA[Pankaj]]>
              </value>
            </param>
            <param index="1">
              <value>
                <![CDATA[Vishwakarma]]>
              </value>
            </param>
            <param index="2">
              <value>
                <![CDATA[Street 1]]>
              </value>
            </param>
            <param index="3">
              <value>
                <![CDATA[Lucknow]]>
              </value>
            </param>
            <param index="4">
              <value>
                <![CDATA[UP]]>
              </value>
            </param>
            <param index="5">
              <value>
                <![CDATA[226001]]>
              </value>
            </param>
            <param index="6">
              <value>
                <![CDATA[9999999999]]>
              </value>
            </param>
            <param index="7">
              <value>
                <![CDATA[123456789]]>
              </value>
            </param>
            <param index="8">
              <value>
                <![CDATA[testuser]]>
              </value>
            </param>
            <param index="9">
              <value>
                <![CDATA[Test@123]]>
              </value>
            </param>
          </params>
          <reporter-output>
          </reporter-output>
        </test-method> <!-- logoutTest -->
        <test-method is-config="true" signature="tearDown()[pri:0, instance:test.ParaBankTest@201b6b6f]" started-at="2026-06-11T17:01:54 IST" name="tearDown" finished-at="2026-06-11T17:01:54 IST" duration-ms="90" status="PASS">
          <reporter-output>
          </reporter-output>
        </test-method> <!-- tearDown -->
      </class> <!-- test.ParaBankTest -->
    </test> <!-- Default test -->
  </suite> <!-- Default suite -->
</testng-results>
