<?xml version="1.0" encoding="UTF-8"?>
<!-- Generated by org.testng.reporters.JUnitXMLReporter -->
<testsuite ignored="0" hostname="Pankajs-MacBook-Air-2.local" failures="0" tests="4" name="Chrome Negative Tests" time="28.894" errors="0" timestamp="2026-06-13T10:15:05 IST">
  <testcase classname="test.NegativeTest" name="bug001_transferFundsAllowsNegativeAmount" time="3.864"/>
  <testcase classname="test.NegativeTest" name="bug002_billPaymentAllowsNegativeAmount" time="5.611"/>
  <testcase classname="test.NegativeTest" name="bug003_transferFundsAllowsSameSourceAndDestinationAccount" time="5.429"/>
  <testcase classname="test.NegativeTest" name="bug004_requestLoanAllowsNegativeDownPayment" time="2.413"/>
</testsuite> <!-- Chrome Negative Tests -->
