<?xml version="1.0" encoding="UTF-8"?>
<!-- Generated by org.testng.reporters.JUnitXMLReporter -->
<testsuite ignored="0" hostname="Pankajs-MacBook-Air-2.local" failures="0" tests="4" name="Default test" time="24.352" errors="0" timestamp="2026-06-13T10:57:15 IST">
  <testcase classname="test.NegativeTest" name="bug001_transferFundsAllowsNegativeAmount" time="3.036"/>
  <testcase classname="test.NegativeTest" name="bug002_billPaymentAllowsNegativeAmount" time="4.247"/>
  <testcase classname="test.NegativeTest" name="bug003_transferFundsAllowsSameSourceAndDestinationAccount" time="3.664"/>
  <testcase classname="test.NegativeTest" name="bug004_requestLoanAllowsNegativeDownPayment" time="4.083"/>
</testsuite> <!-- Default test -->
