<?xml version="1.0" encoding="UTF-8"?>
<!-- Generated by org.testng.reporters.JUnitXMLReporter -->
<testsuite ignored="0" hostname="Pankajs-MacBook-Air-2.local" failures="0" tests="12" name="Default test" time="65.372" errors="0" timestamp="2026-06-11T17:01:54 IST">
  <testcase classname="test.ParaBankTest" name="registerNewCustomer" time="1.766"/>
  <testcase classname="test.ParaBankTest" name="invalidLoginTest" time="2.022"/>
  <testcase classname="test.ParaBankTest" name="invalidLoginTest" time="0.915"/>
  <testcase classname="test.ParaBankTest" name="invalidLoginTest" time="2.871"/>
  <testcase classname="test.ParaBankTest" name="validLoginTest" time="1.785"/>
  <testcase classname="test.ParaBankTest" name="openNewSavingsAccountTest" time="4.151"/>
  <testcase classname="test.ParaBankTest" name="transferFundsTest" time="4.77"/>
  <testcase classname="test.ParaBankTest" name="billPaymentTest" time="3.346"/>
  <testcase classname="test.ParaBankTest" name="findTransactionTest" time="4.522"/>
  <testcase classname="test.ParaBankTest" name="updateContactInfoTest" time="4.183"/>
  <testcase classname="test.ParaBankTest" name="requestLoanTest" time="2.21"/>
  <testcase classname="test.ParaBankTest" name="logoutTest" time="3.346"/>
</testsuite> <!-- Default test -->
