<?xml version="1.0" encoding="UTF-8"?>
<!-- Generated by org.testng.reporters.JUnitReportReporter -->
<testsuite hostname="Pankajs-MacBook-Air-2.local" failures="0" tests="4" name="test.NegativeTest" time="25.884" errors="0" timestamp="2026-06-13T11:31:48 IST" skipped="0">
  <testcase classname="test.NegativeTest" name="bug001_transferFundsAllowsNegativeAmount" time="8.183"/>
  <testcase classname="test.NegativeTest" name="bug002_billPaymentAllowsNegativeAmount" time="6.001"/>
  <testcase classname="test.NegativeTest" name="bug003_transferFundsAllowsSameSourceAndDestinationAccount" time="5.557"/>
  <testcase classname="test.NegativeTest" name="bug004_requestLoanAllowsNegativeDownPayment" time="6.143"/>
</testsuite> <!-- test.NegativeTest -->
