<?xml version="1.0" encoding="UTF-8"?>
<!-- Generated by org.testng.reporters.JUnitReportReporter -->
<testsuite hostname="Pankajs-MacBook-Air-2.local" failures="0" tests="12" name="test.ParaBankTest" time="65.200" errors="0" timestamp="2026-06-11T17:01:54 IST" skipped="0">
  <testcase classname="test.ParaBankTest" name="registerNewCustomer" time="4.851"/>
  <testcase classname="test.ParaBankTest" name="invalidLoginTest" time="3.587"/>
  <testcase classname="test.ParaBankTest" name="invalidLoginTest" time="3.778"/>
  <testcase classname="test.ParaBankTest" name="invalidLoginTest" time="6.247"/>
  <testcase classname="test.ParaBankTest" name="validLoginTest" time="3.327"/>
  <testcase classname="test.ParaBankTest" name="openNewSavingsAccountTest" time="5.704"/>
  <testcase classname="test.ParaBankTest" name="transferFundsTest" time="10.285"/>
  <testcase classname="test.ParaBankTest" name="billPaymentTest" time="5.369"/>
  <testcase classname="test.ParaBankTest" name="findTransactionTest" time="7.755"/>
  <testcase classname="test.ParaBankTest" name="updateContactInfoTest" time="5.486"/>
  <testcase classname="test.ParaBankTest" name="requestLoanTest" time="3.748"/>
  <testcase classname="test.ParaBankTest" name="logoutTest" time="5.063"/>
</testsuite> <!-- test.ParaBankTest -->
