<?xml version="1.0" encoding="UTF-8"?>
<!-- Generated by org.testng.reporters.JUnitXMLReporter -->
<testsuite ignored="0" hostname="Pankajs-MacBook-Air-2.local" failures="0" tests="16" name="ParaBank Regression Tests" time="92.667" errors="0" timestamp="2026-06-13T11:31:48 IST">
  <testcase classname="test.ParaBankTest" name="registerNewCustomer" time="2.036"/>
  <testcase classname="test.ParaBankTest" name="invalidLoginTest" time="2.467"/>
  <testcase classname="test.ParaBankTest" name="invalidLoginTest" time="2.02"/>
  <testcase classname="test.ParaBankTest" name="invalidLoginTest" time="2.307"/>
  <testcase classname="test.ParaBankTest" name="validLoginTest" time="2.028"/>
  <testcase classname="test.ParaBankTest" name="openNewSavingsAccountTest" time="3.546"/>
  <testcase classname="test.ParaBankTest" name="transferFundsTest" time="4.863"/>
  <testcase classname="test.ParaBankTest" name="billPaymentTest" time="2.502"/>
  <testcase classname="test.ParaBankTest" name="findTransactionTest" time="4.764"/>
  <testcase classname="test.ParaBankTest" name="updateContactInfoTest" time="2.82"/>
  <testcase classname="test.ParaBankTest" name="requestLoanTest" time="2.494"/>
  <testcase classname="test.ParaBankTest" name="logoutTest" time="3.791"/>
  <testcase classname="test.NegativeTest" name="bug001_transferFundsAllowsNegativeAmount" time="4.421"/>
  <testcase classname="test.NegativeTest" name="bug002_billPaymentAllowsNegativeAmount" time="3.072"/>
  <testcase classname="test.NegativeTest" name="bug003_transferFundsAllowsSameSourceAndDestinationAccount" time="3.199"/>
  <testcase classname="test.NegativeTest" name="bug004_requestLoanAllowsNegativeDownPayment" time="4.33"/>
</testsuite> <!-- ParaBank Regression Tests -->
