<?xml version="1.0" encoding="UTF-8"?>
<!-- Generated by org.testng.reporters.JUnitXMLReporter -->
<testsuite ignored="0" hostname="Pankajs-MacBook-Air-2.local" failures="0" tests="12" name="ParaBank Regression Tests" time="66.025" errors="0" timestamp="2026-06-11T16:57:31 IST">
  <testcase classname="test.ParaBankTest" name="registerNewCustomer" time="1.749"/>
  <testcase classname="test.ParaBankTest" name="invalidLoginTest" time="2.321"/>
  <testcase classname="test.ParaBankTest" name="invalidLoginTest" time="2.477"/>
  <testcase classname="test.ParaBankTest" name="invalidLoginTest" time="1.149"/>
  <testcase classname="test.ParaBankTest" name="validLoginTest" time="2.097"/>
  <testcase classname="test.ParaBankTest" name="openNewSavingsAccountTest" time="3.573"/>
  <testcase classname="test.ParaBankTest" name="transferFundsTest" time="4.862"/>
  <testcase classname="test.ParaBankTest" name="billPaymentTest" time="4.045"/>
  <testcase classname="test.ParaBankTest" name="findTransactionTest" time="5.09"/>
  <testcase classname="test.ParaBankTest" name="updateContactInfoTest" time="3.435"/>
  <testcase classname="test.ParaBankTest" name="requestLoanTest" time="2.266"/>
  <testcase classname="test.ParaBankTest" name="logoutTest" time="4.08"/>
</testsuite> <!-- ParaBank Regression Tests -->
